<?xml version="1.0" encoding="UTF-8"?>
<!-- Generated by org.testng.reporters.JUnitReportReporter -->
<testsuite hostname="IN-6C1D5S3" failures="0" tests="1" name="testcases.SortLowToHighTest" time="6.439" errors="0" timestamp="2024-06-15T19:22:27 IST" skipped="0">
  <testcase classname="testcases.SortLowToHighTest" name="sortLowToHigh" time="6.439"/>
</testsuite> <!-- testcases.SortLowToHighTest -->
