<?xml version="1.0" encoding="UTF-8"?>
<!-- Generated by org.testng.reporters.JUnitReportReporter -->
<testsuite hostname="LAPTOP-LROSUJGN" failures="0" tests="1" name="AddToCartTest" time="12.332" errors="0" timestamp="2024-06-14T15:46:21 IST" skipped="0">
  <testcase classname="AddToCartTest" name="addToCartTest" time="12.332"/>
</testsuite> <!-- AddToCartTest -->
