<?xml version="1.0" encoding="UTF-8"?>
<!-- Generated by org.testng.reporters.JUnitReportReporter -->
<testsuite hostname="LAPTOP-LROSUJGN" failures="0" tests="1" name="PlaceOrderTest" time="13.129" errors="0" timestamp="2024-06-14T15:50:44 IST" skipped="0">
  <testcase classname="PlaceOrderTest" name="placeOrder" time="13.129"/>
</testsuite> <!-- PlaceOrderTest -->
