<?xml version="1.0" encoding="UTF-8"?>
<!-- Generated by org.testng.reporters.JUnitReportReporter -->
<testsuite hostname="IN-6C1D5S3" failures="0" tests="1" name="testcases.FilterByBrandTest" time="11.336" errors="0" timestamp="2024-06-16T23:55:56 IST" skipped="0">
  <testcase classname="testcases.FilterByBrandTest" name="filterByBrand" time="11.336"/>
</testsuite> <!-- testcases.FilterByBrandTest -->
