<?xml version="1.0" encoding="UTF-8"?>
<!-- Generated by org.testng.reporters.JUnitReportReporter -->
<testsuite hostname="LAPTOP-LROSUJGN" failures="0" tests="1" name="LoginTest" time="7.184" errors="0" timestamp="2024-06-14T16:22:39 IST" skipped="0">
  <testcase classname="LoginTest" name="login" time="7.184"/>
</testsuite> <!-- LoginTest -->
