<?xml version="1.0" encoding="UTF-8"?>
<!-- Generated by org.testng.reporters.JUnitReportReporter -->
<testsuite hostname="IN-6C1D5S3" failures="0" tests="1" name="testcases.ValidateProductTest" time="10.685" errors="0" timestamp="2024-06-15T19:22:27 IST" skipped="0">
  <testcase classname="testcases.ValidateProductTest" name="validateProduct" time="10.685"/>
</testsuite> <!-- testcases.ValidateProductTest -->
