<?xml version="1.0" encoding="UTF-8"?>
<!-- Generated by org.testng.reporters.JUnitReportReporter -->
<testsuite hostname="LAPTOP-LROSUJGN" failures="0" tests="1" name="HomePageLogoTest" time="5.490" errors="0" timestamp="2024-06-14T16:16:42 IST" skipped="0">
  <testcase classname="HomePageLogoTest" name="homePageLogo" time="5.490"/>
</testsuite> <!-- HomePageLogoTest -->
