<?xml version="1.0" encoding="UTF-8"?>
<!-- Generated by org.testng.reporters.JUnitReportReporter -->
<testsuite hostname="IN-6C1D5S3" failures="0" tests="1" name="testcases.ValidateProductTest" time="10.851" errors="0" timestamp="2024-06-17T02:38:59 IST" skipped="0">
  <testcase classname="testcases.ValidateProductTest" name="validateProduct" time="10.851"/>
</testsuite> <!-- testcases.ValidateProductTest -->
