<?xml version="1.0" encoding="UTF-8"?>
<!-- Generated by org.testng.reporters.JUnitReportReporter -->
<testsuite hostname="LAPTOP-LROSUJGN" failures="0" tests="1" name="ClearFilterTest" time="13.869" errors="0" timestamp="2024-06-14T16:34:45 IST" skipped="0">
  <testcase classname="ClearFilterTest" name="clearFilterTest" time="13.869"/>
</testsuite> <!-- ClearFilterTest -->
