<?xml version="1.0" encoding="UTF-8"?>
<!-- Generated by org.testng.reporters.JUnitReportReporter -->
<testsuite hostname="LAPTOP-LROSUJGN" failures="0" tests="1" name="ValidateProductTest" time="9.421" errors="0" timestamp="2024-06-14T16:24:58 IST" skipped="0">
  <testcase classname="ValidateProductTest" name="validateProduct" time="9.421"/>
</testsuite> <!-- ValidateProductTest -->
