<?xml version="1.0" encoding="UTF-8"?>
<!-- Generated by org.testng.reporters.JUnitReportReporter -->
<testsuite hostname="LAPTOP-LROSUJGN" failures="0" tests="1" name="SearchForProductTest" time="7.231" errors="0" timestamp="2024-06-14T16:30:05 IST" skipped="0">
  <testcase classname="SearchForProductTest" name="searchForProduct" time="7.231"/>
</testsuite> <!-- SearchForProductTest -->
