<?xml version="1.0" encoding="UTF-8"?>
<!-- Generated by org.testng.reporters.JUnitReportReporter -->
<testsuite hostname="LAPTOP-LROSUJGN" failures="0" tests="1" name="CheckPaginationTest" time="8.456" errors="0" timestamp="2024-06-14T16:35:37 IST" skipped="0">
  <testcase classname="CheckPaginationTest" name="checkPagination" time="8.456"/>
</testsuite> <!-- CheckPaginationTest -->
