<?xml version="1.0" encoding="UTF-8"?>
<!-- Generated by org.testng.reporters.JUnitReportReporter -->
<testsuite hostname="IN-6C1D5S3" failures="0" tests="1" name="testcases.UpdateCartCountTest" time="15.242" errors="0" timestamp="2024-06-17T02:38:59 IST" skipped="0">
  <testcase classname="testcases.UpdateCartCountTest" name="updateCartCount" time="15.242"/>
</testsuite> <!-- testcases.UpdateCartCountTest -->
