<?xml version="1.0" encoding="UTF-8"?>
<!-- Generated by org.testng.reporters.JUnitReportReporter -->
<testsuite hostname="LAPTOP-LROSUJGN" failures="0" tests="1" name="ValidateSpecificationTest" time="9.801" errors="0" timestamp="2024-06-14T16:26:31 IST" skipped="0">
  <testcase classname="ValidateSpecificationTest" name="validateSpecification" time="9.801"/>
</testsuite> <!-- ValidateSpecificationTest -->
