<?xml version="1.0" encoding="UTF-8"?>
<!-- Generated by org.testng.reporters.JUnitReportReporter -->
<testsuite hostname="LAPTOP-LROSUJGN" failures="0" tests="1" name="InvalidSearchTest" time="6.722" errors="0" timestamp="2024-06-14T16:33:48 IST" skipped="0">
  <testcase classname="InvalidSearchTest" name="invalidSearch" time="6.722"/>
</testsuite> <!-- InvalidSearchTest -->
