<?xml version="1.0" encoding="UTF-8"?>
<!-- Generated by org.testng.reporters.JUnitReportReporter -->
<testsuite hostname="LAPTOP-LROSUJGN" failures="0" tests="1" name="CheckMoreTest" time="6.288" errors="0" timestamp="2024-06-14T16:20:27 IST" skipped="0">
  <testcase classname="CheckMoreTest" name="checkMore" time="6.288"/>
</testsuite> <!-- CheckMoreTest -->
