<?xml version="1.0" encoding="UTF-8"?>
<!-- Generated by org.testng.reporters.JUnitReportReporter -->
<testsuite hostname="LAPTOP-LROSUJGN" failures="0" tests="1" name="GiftCardPageTest" time="9.954" errors="0" timestamp="2024-06-14T16:21:39 IST" skipped="0">
  <testcase classname="GiftCardPageTest" name="giftCardPage" time="9.954"/>
</testsuite> <!-- GiftCardPageTest -->
