<?xml version="1.0" encoding="UTF-8"?>
<!-- Generated by org.testng.reporters.JUnitReportReporter -->
<testsuite hostname="IN-6C1D5S3" failures="0" tests="1" name="testcases.ClearFilterTest" time="15.165" errors="0" timestamp="2024-06-17T02:38:59 IST" skipped="0">
  <testcase classname="testcases.ClearFilterTest" name="clearFilterTest" time="15.165"/>
</testsuite> <!-- testcases.ClearFilterTest -->
