<?xml version="1.0" encoding="UTF-8"?>
<!-- Generated by org.testng.reporters.JUnitReportReporter -->
<testsuite hostname="LAPTOP-LROSUJGN" failures="0" tests="1" name="SortLowToHighTest" time="8.254" errors="0" timestamp="2024-06-14T16:30:59 IST" skipped="0">
  <testcase classname="SortLowToHighTest" name="sortLowToHigh" time="8.254"/>
</testsuite> <!-- SortLowToHighTest -->
