<?xml version="1.0" encoding="UTF-8"?>
<!-- Generated by org.testng.reporters.JUnitReportReporter -->
<testsuite hostname="LAPTOP-LROSUJGN" failures="0" tests="3" name="ProductPageTest" time="29.879" errors="0" timestamp="2024-06-14T15:39:59 IST" skipped="0">
  <testcase classname="ProductPageTest" name="validateRatings" time="8.606"/>
  <testcase classname="ProductPageTest" name="validateSpecification" time="11.012"/>
  <testcase classname="ProductPageTest" name="validateProduct" time="10.261"/>
</testsuite> <!-- ProductPageTest -->
