<?xml version="1.0" encoding="UTF-8"?>
<!-- Generated by org.testng.reporters.JUnitReportReporter -->
<testsuite hostname="IN-6C1D5S3" failures="0" tests="1" name="testcases.RemoveFromCartTest" time="10.429" errors="0" timestamp="2024-06-16T23:55:56 IST" skipped="0">
  <testcase classname="testcases.RemoveFromCartTest" name="removeFromCartTest" time="10.429"/>
</testsuite> <!-- testcases.RemoveFromCartTest -->
