<?xml version="1.0" encoding="UTF-8"?>
<!-- Generated by org.testng.reporters.JUnitReportReporter -->
<testsuite hostname="LAPTOP-LROSUJGN" failures="0" tests="1" name="RemoveFromCartTest" time="13.974" errors="0" timestamp="2024-06-14T15:48:25 IST" skipped="0">
  <testcase classname="RemoveFromCartTest" name="removeFromCartTest" time="13.974"/>
</testsuite> <!-- RemoveFromCartTest -->
