<?xml version="1.0" encoding="UTF-8"?>
<!-- Generated by org.testng.reporters.JUnitReportReporter -->
<testsuite hostname="LAPTOP-LROSUJGN" failures="0" tests="1" name="ValidateRatingsTest" time="9.604" errors="0" timestamp="2024-06-14T16:27:21 IST" skipped="0">
  <testcase classname="ValidateRatingsTest" name="validateRatings" time="9.604"/>
</testsuite> <!-- ValidateRatingsTest -->
