<?xml version="1.0" encoding="UTF-8"?>
<!-- Generated by org.testng.reporters.JUnitReportReporter -->
<testsuite hostname="LAPTOP-LROSUJGN" failures="0" tests="1" name="UpdateCartCountTest" time="11.940" errors="0" timestamp="2024-06-14T15:49:30 IST" skipped="0">
  <testcase classname="UpdateCartCountTest" name="updateCartCount" time="11.940"/>
</testsuite> <!-- UpdateCartCountTest -->
