<?xml version="1.0" encoding="UTF-8"?>
<!-- Generated by org.testng.reporters.JUnitReportReporter -->
<testsuite hostname="IN-6C1D5S3" failures="0" tests="1" name="testcases.SelectCategoryTest" time="6.231" errors="0" timestamp="2024-06-16T23:35:18 IST" skipped="0">
  <testcase classname="testcases.SelectCategoryTest" name="selectCategory" time="6.231"/>
</testsuite> <!-- testcases.SelectCategoryTest -->
