<?xml version="1.0" encoding="UTF-8"?>
<!-- Generated by org.testng.reporters.JUnitReportReporter -->
<testsuite hostname="IN-6C1D5S3" failures="0" tests="1" name="testcases.LoginTest" time="12.020" errors="0" timestamp="2024-06-17T00:29:35 IST" skipped="0">
  <testcase classname="testcases.LoginTest" name="login" time="12.020"/>
</testsuite> <!-- testcases.LoginTest -->
