<?xml version="1.0" encoding="UTF-8"?>
<!-- Generated by org.testng.reporters.JUnitReportReporter -->
<testsuite hostname="IN-6C1D5S3" failures="0" tests="1" name="testcases.PlaceOrderTest" time="12.248" errors="0" timestamp="2024-06-16T23:35:18 IST" skipped="0">
  <testcase classname="testcases.PlaceOrderTest" name="placeOrder" time="12.248"/>
</testsuite> <!-- testcases.PlaceOrderTest -->
